RPC STATS: 1:1 
RPC STATS: 1:2 
RPC STATS: 1:2 7001:1 
RPC STATS: 1:2 7001:2 
1410547320274:	handler_mgr::get_handle trying to bind...127.0.0.1:58142
1410547320275:	handle_mgr::get_handle bind succeeded 127.0.0.1:58142
RPC STATS: 1:2 7001:2 7002:1 
1410547320275:	handler_mgr::get_handle trying to bind...127.0.0.1:34201
1410547320275:	handle_mgr::get_handle bind succeeded 127.0.0.1:34201
RPC STATS: 1:2 7001:3 7002:1 
RPC STATS: 1:2 7001:4 7002:1 
RPC STATS: 1:2 7001:5 7002:1 
RPC STATS: 1:2 7001:6 7002:1 
RPC STATS: 1:2 7001:7 7002:1 
RPC STATS: 1:2 7001:8 7002:1 
RPC STATS: 1:2 7001:9 7002:1 
RPC STATS: 1:2 7001:10 7002:1 
RPC STATS: 1:2 7001:11 7002:1 
RPC STATS: 1:2 7001:12 7002:1 
RPC STATS: 1:2 7001:13 7002:1 
RPC STATS: 1:2 7001:14 7002:1 
RPC STATS: 1:2 7001:15 7002:1 
RPC STATS: 1:2 7001:16 7002:1 
RPC STATS: 1:2 7001:17 7002:1 
RPC STATS: 1:2 7001:18 7002:1 
RPC STATS: 1:2 7001:19 7002:1 
RPC STATS: 1:2 7001:20 7002:1 
RPC STATS: 1:2 7001:21 7002:1 
RPC STATS: 1:2 7001:22 7002:1 
RPC STATS: 1:2 7001:23 7002:1 
RPC STATS: 1:2 7001:24 7002:1 
RPC STATS: 1:2 7001:25 7002:1 
RPC STATS: 1:2 7001:26 7002:1 
RPC STATS: 1:2 7001:27 7002:1 
RPC STATS: 1:2 7001:28 7002:1 
RPC STATS: 1:2 7001:29 7002:1 
RPC STATS: 1:2 7001:30 7002:1 
RPC STATS: 1:2 7001:31 7002:1 
RPC STATS: 1:2 7001:32 7002:1 
RPC STATS: 1:2 7001:33 7002:1 
RPC STATS: 1:2 7001:34 7002:1 
RPC STATS: 1:2 7001:35 7002:1 
RPC STATS: 1:2 7001:36 7002:1 
RPC STATS: 1:2 7001:37 7002:1 
RPC STATS: 1:2 7001:38 7002:1 
RPC STATS: 1:2 7001:39 7002:1 
RPC STATS: 1:2 7001:40 7002:1 
RPC STATS: 1:2 7001:41 7002:1 
RPC STATS: 1:2 7001:41 7002:2 
RPC STATS: 1:2 7001:42 7002:2 
RPC STATS: 1:2 7001:43 7002:2 
RPC STATS: 1:2 7001:43 7002:3 
RPC STATS: 1:2 7001:44 7002:3 
RPC STATS: 1:2 7001:45 7002:3 
RPC STATS: 1:2 7001:46 7002:3 
RPC STATS: 1:2 7001:47 7002:3 
RPC STATS: 1:2 7001:48 7002:3 
RPC STATS: 1:2 7001:49 7002:3 
RPC STATS: 1:2 7001:50 7002:3 
RPC STATS: 1:2 7001:51 7002:3 
RPC STATS: 1:2 7001:52 7002:3 
RPC STATS: 1:2 7001:53 7002:3 
RPC STATS: 1:2 7001:54 7002:3 
RPC STATS: 1:2 7001:55 7002:3 
RPC STATS: 1:2 7001:56 7002:3 
RPC STATS: 1:2 7001:57 7002:3 
RPC STATS: 1:2 7001:58 7002:3 
RPC STATS: 1:2 7001:59 7002:3 
RPC STATS: 1:2 7001:60 7002:3 
RPC STATS: 1:2 7001:61 7002:3 
RPC STATS: 1:2 7001:62 7002:3 
RPC STATS: 1:2 7001:63 7002:3 
RPC STATS: 1:2 7001:64 7002:3 
RPC STATS: 1:2 7001:65 7002:3 
RPC STATS: 1:2 7001:66 7002:3 
RPC STATS: 1:2 7001:67 7002:3 
RPC STATS: 1:2 7001:68 7002:3 
RPC STATS: 1:2 7001:69 7002:3 
RPC STATS: 1:2 7001:70 7002:3 
RPC STATS: 1:2 7001:71 7002:3 
RPC STATS: 1:2 7001:72 7002:3 
RPC STATS: 1:2 7001:73 7002:3 
RPC STATS: 1:2 7001:74 7002:3 
RPC STATS: 1:2 7001:75 7002:3 
RPC STATS: 1:2 7001:76 7002:3 
RPC STATS: 1:2 7001:77 7002:3 
RPC STATS: 1:2 7001:78 7002:3 
RPC STATS: 1:2 7001:79 7002:3 
RPC STATS: 1:2 7001:80 7002:3 
RPC STATS: 1:2 7001:81 7002:3 
RPC STATS: 1:2 7001:82 7002:3 
RPC STATS: 1:2 7001:83 7002:3 
RPC STATS: 1:2 7001:84 7002:3 
RPC STATS: 1:2 7001:85 7002:3 
RPC STATS: 1:2 7001:86 7002:3 
RPC STATS: 1:2 7001:87 7002:3 
RPC STATS: 1:2 7001:88 7002:3 
RPC STATS: 1:2 7001:89 7002:3 
RPC STATS: 1:2 7001:90 7002:3 
RPC STATS: 1:2 7001:91 7002:3 
RPC STATS: 1:2 7001:92 7002:3 
RPC STATS: 1:2 7001:93 7002:3 
RPC STATS: 1:2 7001:94 7002:3 
RPC STATS: 1:2 7001:95 7002:3 
RPC STATS: 1:2 7001:96 7002:3 
RPC STATS: 1:2 7001:97 7002:3 
RPC STATS: 1:2 7001:98 7002:3 
RPC STATS: 1:2 7001:99 7002:3 
RPC STATS: 1:2 7001:100 7002:3 
RPC STATS: 1:2 7001:101 7002:3 
RPC STATS: 1:2 7001:102 7002:3 
RPC STATS: 1:2 7001:103 7002:3 
RPC STATS: 1:2 7001:104 7002:3 
RPC STATS: 1:2 7001:105 7002:3 
RPC STATS: 1:2 7001:106 7002:3 
RPC STATS: 1:2 7001:107 7002:3 
RPC STATS: 1:2 7001:108 7002:3 
RPC STATS: 1:2 7001:109 7002:3 
RPC STATS: 1:2 7001:110 7002:3 
RPC STATS: 1:2 7001:111 7002:3 
RPC STATS: 1:2 7001:112 7002:3 
RPC STATS: 1:2 7001:113 7002:3 
RPC STATS: 1:2 7001:114 7002:3 
RPC STATS: 1:2 7001:115 7002:3 
RPC STATS: 1:2 7001:116 7002:3 
RPC STATS: 1:2 7001:117 7002:3 
RPC STATS: 1:2 7001:118 7002:3 
RPC STATS: 1:2 7001:119 7002:3 
RPC STATS: 1:2 7001:120 7002:3 
RPC STATS: 1:2 7001:121 7002:3 
RPC STATS: 1:2 7001:122 7002:3 
RPC STATS: 1:2 7001:123 7002:3 
RPC STATS: 1:2 7001:124 7002:3 
RPC STATS: 1:2 7001:125 7002:3 
RPC STATS: 1:2 7001:126 7002:3 
RPC STATS: 1:2 7001:127 7002:3 
RPC STATS: 1:2 7001:128 7002:3 
RPC STATS: 1:2 7001:129 7002:3 
RPC STATS: 1:2 7001:130 7002:3 
RPC STATS: 1:2 7001:131 7002:3 
RPC STATS: 1:2 7001:132 7002:3 
RPC STATS: 1:2 7001:133 7002:3 
RPC STATS: 1:2 7001:134 7002:3 
RPC STATS: 1:2 7001:135 7002:3 
RPC STATS: 1:2 7001:136 7002:3 
RPC STATS: 1:2 7001:137 7002:3 
RPC STATS: 1:2 7001:138 7002:3 
RPC STATS: 1:2 7001:139 7002:3 
RPC STATS: 1:2 7001:140 7002:3 
RPC STATS: 1:2 7001:141 7002:3 
RPC STATS: 1:2 7001:142 7002:3 
RPC STATS: 1:2 7001:143 7002:3 
RPC STATS: 1:2 7001:144 7002:3 
RPC STATS: 1:2 7001:145 7002:3 
RPC STATS: 1:2 7001:146 7002:3 
RPC STATS: 1:2 7001:147 7002:3 
RPC STATS: 1:2 7001:148 7002:3 
RPC STATS: 1:2 7001:149 7002:3 
RPC STATS: 1:2 7001:150 7002:3 
RPC STATS: 1:2 7001:151 7002:3 
RPC STATS: 1:2 7001:152 7002:3 
RPC STATS: 1:2 7001:153 7002:3 
RPC STATS: 1:2 7001:154 7002:3 
RPC STATS: 1:2 7001:155 7002:3 
RPC STATS: 1:2 7001:156 7002:3 
RPC STATS: 1:2 7001:157 7002:3 
RPC STATS: 1:2 7001:158 7002:3 
RPC STATS: 1:2 7001:159 7002:3 
RPC STATS: 1:2 7001:160 7002:3 
RPC STATS: 1:2 7001:161 7002:3 
RPC STATS: 1:2 7001:162 7002:3 
RPC STATS: 1:2 7001:163 7002:3 
RPC STATS: 1:2 7001:164 7002:3 
RPC STATS: 1:2 7001:165 7002:3 
RPC STATS: 1:2 7001:166 7002:3 
RPC STATS: 1:2 7001:167 7002:3 
RPC STATS: 1:2 7001:168 7002:3 
RPC STATS: 1:2 7001:169 7002:3 
RPC STATS: 1:2 7001:170 7002:3 
RPC STATS: 1:2 7001:171 7002:3 
RPC STATS: 1:2 7001:172 7002:3 
RPC STATS: 1:2 7001:173 7002:3 
RPC STATS: 1:2 7001:174 7002:3 
RPC STATS: 1:2 7001:175 7002:3 
RPC STATS: 1:2 7001:176 7002:3 
RPC STATS: 1:2 7001:177 7002:3 
RPC STATS: 1:2 7001:178 7002:3 
RPC STATS: 1:2 7001:179 7002:3 
RPC STATS: 1:2 7001:180 7002:3 
RPC STATS: 1:2 7001:181 7002:3 
RPC STATS: 1:2 7001:182 7002:3 
RPC STATS: 1:2 7001:183 7002:3 
RPC STATS: 1:2 7001:184 7002:3 
RPC STATS: 1:2 7001:185 7002:3 
RPC STATS: 1:2 7001:186 7002:3 
RPC STATS: 1:2 7001:187 7002:3 
RPC STATS: 1:2 7001:188 7002:3 
RPC STATS: 1:2 7001:189 7002:3 
RPC STATS: 1:2 7001:190 7002:3 
RPC STATS: 1:2 7001:191 7002:3 
RPC STATS: 1:2 7001:192 7002:3 
RPC STATS: 1:2 7001:193 7002:3 
RPC STATS: 1:2 7001:194 7002:3 
RPC STATS: 1:2 7001:195 7002:3 
RPC STATS: 1:2 7001:196 7002:3 
RPC STATS: 1:2 7001:197 7002:3 
RPC STATS: 1:2 7001:198 7002:3 
RPC STATS: 1:2 7001:199 7002:3 
RPC STATS: 1:2 7001:200 7002:3 
RPC STATS: 1:2 7001:201 7002:3 
RPC STATS: 1:2 7001:202 7002:3 
RPC STATS: 1:2 7001:203 7002:3 
RPC STATS: 1:2 7001:204 7002:3 
RPC STATS: 1:2 7001:205 7002:3 
RPC STATS: 1:2 7001:206 7002:3 
RPC STATS: 1:2 7001:207 7002:3 
RPC STATS: 1:2 7001:208 7002:3 
RPC STATS: 1:2 7001:209 7002:3 
RPC STATS: 1:2 7001:210 7002:3 
RPC STATS: 1:2 7001:211 7002:3 
RPC STATS: 1:2 7001:212 7002:3 
RPC STATS: 1:2 7001:213 7002:3 
RPC STATS: 1:2 7001:214 7002:3 
RPC STATS: 1:2 7001:215 7002:3 
RPC STATS: 1:2 7001:216 7002:3 
RPC STATS: 1:2 7001:217 7002:3 
RPC STATS: 1:2 7001:218 7002:3 
RPC STATS: 1:2 7001:219 7002:3 
RPC STATS: 1:2 7001:220 7002:3 
RPC STATS: 1:2 7001:221 7002:3 
RPC STATS: 1:2 7001:222 7002:3 
RPC STATS: 1:2 7001:223 7002:3 
RPC STATS: 1:2 7001:224 7002:3 
RPC STATS: 1:2 7001:225 7002:3 
RPC STATS: 1:2 7001:226 7002:3 
RPC STATS: 1:2 7001:227 7002:3 
RPC STATS: 1:2 7001:228 7002:3 
RPC STATS: 1:2 7001:229 7002:3 
RPC STATS: 1:2 7001:230 7002:3 
RPC STATS: 1:2 7001:231 7002:3 
RPC STATS: 1:2 7001:232 7002:3 
RPC STATS: 1:2 7001:233 7002:3 
RPC STATS: 1:2 7001:234 7002:3 
RPC STATS: 1:2 7001:235 7002:3 
RPC STATS: 1:2 7001:236 7002:3 
RPC STATS: 1:2 7001:237 7002:3 
RPC STATS: 1:2 7001:238 7002:3 
RPC STATS: 1:2 7001:239 7002:3 
RPC STATS: 1:2 7001:240 7002:3 
RPC STATS: 1:2 7001:241 7002:3 
RPC STATS: 1:2 7001:242 7002:3 
RPC STATS: 1:2 7001:243 7002:3 
RPC STATS: 1:2 7001:244 7002:3 
RPC STATS: 1:2 7001:245 7002:3 
RPC STATS: 1:2 7001:246 7002:3 
RPC STATS: 1:2 7001:247 7002:3 
RPC STATS: 1:2 7001:248 7002:3 
RPC STATS: 1:2 7001:249 7002:3 
RPC STATS: 1:2 7001:250 7002:3 
RPC STATS: 1:2 7001:251 7002:3 
RPC STATS: 1:2 7001:252 7002:3 
RPC STATS: 1:2 7001:253 7002:3 
RPC STATS: 1:2 7001:254 7002:3 
RPC STATS: 1:2 7001:255 7002:3 
RPC STATS: 1:2 7001:256 7002:3 
RPC STATS: 1:2 7001:257 7002:3 
RPC STATS: 1:2 7001:258 7002:3 
RPC STATS: 1:2 7001:259 7002:3 
RPC STATS: 1:2 7001:260 7002:3 
RPC STATS: 1:2 7001:261 7002:3 
RPC STATS: 1:2 7001:262 7002:3 
RPC STATS: 1:2 7001:263 7002:3 
RPC STATS: 1:2 7001:264 7002:3 
RPC STATS: 1:2 7001:265 7002:3 
RPC STATS: 1:2 7001:266 7002:3 
RPC STATS: 1:2 7001:267 7002:3 
RPC STATS: 1:2 7001:268 7002:3 
RPC STATS: 1:2 7001:269 7002:3 
RPC STATS: 1:2 7001:270 7002:3 
RPC STATS: 1:2 7001:271 7002:3 
RPC STATS: 1:2 7001:272 7002:3 
RPC STATS: 1:2 7001:273 7002:3 
RPC STATS: 1:2 7001:274 7002:3 
RPC STATS: 1:2 7001:275 7002:3 
RPC STATS: 1:2 7001:276 7002:3 
RPC STATS: 1:2 7001:277 7002:3 
RPC STATS: 1:2 7001:278 7002:3 
RPC STATS: 1:2 7001:279 7002:3 
RPC STATS: 1:2 7001:280 7002:3 
RPC STATS: 1:2 7001:281 7002:3 
RPC STATS: 1:2 7001:282 7002:3 
RPC STATS: 1:2 7001:283 7002:3 
RPC STATS: 1:2 7001:284 7002:3 
RPC STATS: 1:2 7001:285 7002:3 
RPC STATS: 1:2 7001:286 7002:3 
RPC STATS: 1:2 7001:287 7002:3 
RPC STATS: 1:2 7001:288 7002:3 
RPC STATS: 1:2 7001:289 7002:3 
RPC STATS: 1:2 7001:290 7002:3 
RPC STATS: 1:2 7001:291 7002:3 
RPC STATS: 1:2 7001:292 7002:3 
RPC STATS: 1:2 7001:293 7002:3 
RPC STATS: 1:2 7001:294 7002:3 
RPC STATS: 1:2 7001:295 7002:3 
RPC STATS: 1:2 7001:296 7002:3 
RPC STATS: 1:2 7001:297 7002:3 
RPC STATS: 1:2 7001:298 7002:3 
RPC STATS: 1:2 7001:299 7002:3 
RPC STATS: 1:2 7001:300 7002:3 
RPC STATS: 1:2 7001:301 7002:3 
RPC STATS: 1:2 7001:302 7002:3 
RPC STATS: 1:2 7001:303 7002:3 
RPC STATS: 1:2 7001:304 7002:3 
RPC STATS: 1:2 7001:305 7002:3 
RPC STATS: 1:2 7001:306 7002:3 
RPC STATS: 1:2 7001:307 7002:3 
RPC STATS: 1:2 7001:308 7002:3 
RPC STATS: 1:2 7001:309 7002:3 
RPC STATS: 1:2 7001:310 7002:3 
RPC STATS: 1:2 7001:311 7002:3 
RPC STATS: 1:2 7001:312 7002:3 
RPC STATS: 1:2 7001:313 7002:3 
RPC STATS: 1:2 7001:314 7002:3 
RPC STATS: 1:2 7001:315 7002:3 
RPC STATS: 1:2 7001:316 7002:3 
RPC STATS: 1:2 7001:317 7002:3 
RPC STATS: 1:2 7001:318 7002:3 
RPC STATS: 1:2 7001:319 7002:3 
RPC STATS: 1:2 7001:320 7002:3 
RPC STATS: 1:2 7001:321 7002:3 
RPC STATS: 1:2 7001:322 7002:3 
RPC STATS: 1:2 7001:323 7002:3 
RPC STATS: 1:2 7001:324 7002:3 
RPC STATS: 1:2 7001:325 7002:3 
RPC STATS: 1:2 7001:326 7002:3 
RPC STATS: 1:2 7001:327 7002:3 
RPC STATS: 1:2 7001:328 7002:3 
RPC STATS: 1:2 7001:329 7002:3 
RPC STATS: 1:2 7001:330 7002:3 
RPC STATS: 1:2 7001:331 7002:3 
RPC STATS: 1:2 7001:332 7002:3 
RPC STATS: 1:2 7001:333 7002:3 
RPC STATS: 1:2 7001:334 7002:3 
RPC STATS: 1:2 7001:335 7002:3 
RPC STATS: 1:2 7001:336 7002:3 
RPC STATS: 1:2 7001:337 7002:3 
RPC STATS: 1:2 7001:338 7002:3 
RPC STATS: 1:2 7001:339 7002:3 
RPC STATS: 1:2 7001:340 7002:3 
RPC STATS: 1:2 7001:341 7002:3 
RPC STATS: 1:2 7001:342 7002:3 
RPC STATS: 1:2 7001:343 7002:3 
RPC STATS: 1:2 7001:344 7002:3 
RPC STATS: 1:2 7001:345 7002:3 
RPC STATS: 1:2 7001:346 7002:3 
RPC STATS: 1:2 7001:347 7002:3 
RPC STATS: 1:2 7001:348 7002:3 
RPC STATS: 1:2 7001:349 7002:3 
RPC STATS: 1:2 7001:350 7002:3 
RPC STATS: 1:2 7001:351 7002:3 
RPC STATS: 1:2 7001:352 7002:3 
RPC STATS: 1:2 7001:353 7002:3 
RPC STATS: 1:2 7001:354 7002:3 
RPC STATS: 1:2 7001:355 7002:3 
RPC STATS: 1:2 7001:356 7002:3 
RPC STATS: 1:2 7001:357 7002:3 
RPC STATS: 1:2 7001:358 7002:3 
RPC STATS: 1:2 7001:359 7002:3 
RPC STATS: 1:2 7001:360 7002:3 
RPC STATS: 1:2 7001:361 7002:3 
RPC STATS: 1:2 7001:362 7002:3 
RPC STATS: 1:2 7001:363 7002:3 
RPC STATS: 1:2 7001:364 7002:3 
RPC STATS: 1:2 7001:365 7002:3 
RPC STATS: 1:2 7001:366 7002:3 
RPC STATS: 1:2 7001:367 7002:3 
RPC STATS: 1:2 7001:368 7002:3 
RPC STATS: 1:2 7001:369 7002:3 
RPC STATS: 1:2 7001:370 7002:3 
RPC STATS: 1:2 7001:371 7002:3 
RPC STATS: 1:2 7001:372 7002:3 
RPC STATS: 1:2 7001:373 7002:3 
RPC STATS: 1:2 7001:374 7002:3 
RPC STATS: 1:2 7001:375 7002:3 
RPC STATS: 1:2 7001:376 7002:3 
RPC STATS: 1:2 7001:377 7002:3 
RPC STATS: 1:2 7001:378 7002:3 
RPC STATS: 1:2 7001:379 7002:3 
RPC STATS: 1:2 7001:380 7002:3 
RPC STATS: 1:2 7001:381 7002:3 
RPC STATS: 1:2 7001:382 7002:3 
RPC STATS: 1:2 7001:383 7002:3 
RPC STATS: 1:2 7001:384 7002:3 
RPC STATS: 1:2 7001:385 7002:3 
RPC STATS: 1:2 7001:386 7002:3 
RPC STATS: 1:2 7001:387 7002:3 
RPC STATS: 1:2 7001:388 7002:3 
RPC STATS: 1:2 7001:389 7002:3 
RPC STATS: 1:2 7001:390 7002:3 
RPC STATS: 1:2 7001:391 7002:3 
RPC STATS: 1:2 7001:392 7002:3 
RPC STATS: 1:2 7001:393 7002:3 
RPC STATS: 1:2 7001:394 7002:3 
RPC STATS: 1:2 7001:395 7002:3 
RPC STATS: 1:2 7001:396 7002:3 
RPC STATS: 1:2 7001:397 7002:3 
RPC STATS: 1:2 7001:398 7002:3 
RPC STATS: 1:2 7001:399 7002:3 
RPC STATS: 1:2 7001:400 7002:3 
RPC STATS: 1:2 7001:401 7002:3 
RPC STATS: 1:2 7001:402 7002:3 
RPC STATS: 1:2 7001:403 7002:3 
RPC STATS: 1:2 7001:404 7002:3 
RPC STATS: 1:2 7001:405 7002:3 
RPC STATS: 1:2 7001:406 7002:3 
RPC STATS: 1:2 7001:407 7002:3 
RPC STATS: 1:2 7001:408 7002:3 
RPC STATS: 1:2 7001:409 7002:3 
RPC STATS: 1:2 7001:410 7002:3 
RPC STATS: 1:2 7001:411 7002:3 
RPC STATS: 1:2 7001:412 7002:3 
RPC STATS: 1:2 7001:413 7002:3 
RPC STATS: 1:2 7001:414 7002:3 
RPC STATS: 1:2 7001:415 7002:3 
RPC STATS: 1:2 7001:416 7002:3 
RPC STATS: 1:2 7001:417 7002:3 
RPC STATS: 1:2 7001:418 7002:3 
RPC STATS: 1:2 7001:419 7002:3 
RPC STATS: 1:2 7001:420 7002:3 
RPC STATS: 1:2 7001:421 7002:3 
RPC STATS: 1:2 7001:422 7002:3 
RPC STATS: 1:2 7001:423 7002:3 
RPC STATS: 1:2 7001:424 7002:3 
RPC STATS: 1:2 7001:425 7002:3 
RPC STATS: 1:2 7001:426 7002:3 
